<?xml version="1.0" encoding="UTF-8"?>
<testng-results ignored="0" total="1" passed="1" failed="0" skipped="0">
  <reporter-output>
  </reporter-output>
  <suite started-at="2024-03-23T20:08:21 IST" name="Default suite" finished-at="2024-03-23T20:08:24 IST" duration-ms="2501">
    <groups>
    </groups>
    <test started-at="2024-03-23T20:08:21 IST" name="Default test" finished-at="2024-03-23T20:08:24 IST" duration-ms="2501">
      <class name="api.Test1">
        <test-method signature="restapi()[pri:0, instance:api.Test1@7e7be63f]" started-at="2024-03-23T20:08:21 IST" name="restapi" finished-at="2024-03-23T20:08:24 IST" duration-ms="2422" status="PASS">
          <reporter-output>
          </reporter-output>
        </test-method> <!-- restapi -->
      </class> <!-- api.Test1 -->
    </test> <!-- Default test -->
  </suite> <!-- Default suite -->
</testng-results>
